<?xml version="1.0" encoding="UTF-8"?>
<!-- Generated by org.testng.reporters.JUnitXMLReporter -->
<testsuite hostname="Sunny-PC" ignored="1" name="Default test" tests="1" failures="0" timestamp="27 Aug 2019 15:42:35 GMT" time="52.938" errors="0">
  <testcase name="selectOneProductAndAddToCart" time="25.277" classname="MavenAmazonProject.MavenAmazonProject.AmazonTest"/>
  <testcase name="searchProductAndSort" time="0.0" classname="MavenAmazonProject.MavenAmazonProject.AmazonTest">
    <ignored/>
  </testcase> <!-- searchProductAndSort -->
</testsuite> <!-- Default test -->
